
--- Job Balmorel.gms Start 03/18/21 15:38:38 24.7.1 r56632 WEX-WEI x86 64bit/MS Windows
GAMS 24.7.1   Copyright (C) 1987-2016 GAMS Development. All rights reserved
Licensee: Small MUD - 5 User License                     S190709/0001AO-WIN
          TU Wien, Energy Economics Group                           DC14452
          License for teaching and research at degree granting institutions
          License Admin: Albert Hiesl, hiesl@eeg.tuwien.ac.at              
--- Starting compilation
--- Balmorel.gms(42) 2 Mb
--- .../../base/model/balgams.opt(156) 2 Mb
--- Balmorel.gms(49) 2 Mb
--- .../../base/model/balopt.opt(762) 2 Mb
--- Balmorel.gms(99) 2 Mb
--- .../../base/logerror/logerinc/error1.inc(44) 2 Mb
--- ..../../base/addons/_hooks/hellolog.inc(117) 2 Mb
--- .../../base/logerror/logerinc/error1.inc(56) 2 Mb
--- Balmorel.gms(119) 2 Mb
--- .../../base/model/Balmorelbb4.inc(401) 2 Mb
--- ..../../base/model/bb4datainc.inc(29) 2 Mb
--- ...../data/CCCRRRAAA.inc(131) 3 Mb
--- ..../../base/model/bb4datainc.inc(34) 3 Mb
--- ...../data/CCC.inc(34) 3 Mb
--- ..../../base/model/bb4datainc.inc(39) 3 Mb
--- ...../data/RRR.inc(34) 3 Mb
--- ..../../base/model/bb4datainc.inc(44) 3 Mb
--- ...../data/AAA.inc(64) 3 Mb
--- ..../../base/model/bb4datainc.inc(49) 3 Mb
--- ...../data/CCCRRR.inc(34) 3 Mb
--- ..../../base/model/bb4datainc.inc(54) 3 Mb
--- ...../data/RRRAAA.inc(64) 3 Mb
--- ..../../base/model/bb4datainc.inc(59) 3 Mb
--- ...../data/C.inc(34) 3 Mb
--- ..../../base/model/bb4datainc.inc(86) 3 Mb
--- ...../data/YYY.inc(2) 3 Mb
--- ..../../base/model/bb4datainc.inc(91) 3 Mb
--- ...../data/SSS.inc(4) 3 Mb
--- ..../../base/model/bb4datainc.inc(96) 3 Mb
--- ...../data/TTT.inc(4) 3 Mb
--- ..../../base/model/bb4datainc.inc(102) 3 Mb
--- ...../../base/data/DEUSER.inc(4) 3 Mb
--- ..../../base/model/bb4datainc.inc(107) 3 Mb
--- ...../../base/data/DHUSER.inc(2) 3 Mb
--- ..../../base/model/bb4datainc.inc(111) 3 Mb
--- ...../data/FFF.inc(114) 3 Mb
--- ..../../base/model/bb4datainc.inc(116) 3 Mb
--- ...../data/FDATASET.inc(9) 3 Mb
--- ..../../base/model/bb4datainc.inc(121) 3 Mb
--- ...../data/FDATA.inc(96) 3 Mb
--- ..../../base/model/bb4datainc.inc(126) 3 Mb
--- ...../data/GGG.inc(183) 3 Mb
--- ..../../base/model/bb4datainc.inc(131) 3 Mb
--- ...../data/GDATASET.inc(58) 3 Mb
--- ..../../base/model/bb4datainc.inc(136) 3 Mb
--- ...../data/TECH_GROUP.inc(20) 3 Mb
--- ..../../base/model/bb4datainc.inc(141) 3 Mb
--- ...../data/TECH_GROUP_VALUE.inc(20) 3 Mb
--- ..../../base/model/bb4datainc.inc(147) 3 Mb
--- ...../../base/data/SUBTECH_GROUP.inc(25) 3 Mb
--- ..../../base/model/bb4datainc.inc(152) 3 Mb
--- ...../../base/data/SUBTECH_GROUP_VALUE.inc(25) 3 Mb
--- ..../../base/model/bb4datainc.inc(156) 3 Mb
--- ...../data/G.inc(183) 3 Mb
--- ..../../base/model/bb4datainc.inc(165) 3 Mb
--- ...../../base/addons/_hooks/acronyms.inc(15) 3 Mb
--- ..../../base/model/bb4datainc.inc(166) 3 Mb
--- ...../../base/addons/_hooks/setdeclare.inc(36) 3 Mb
--- ..../../base/model/bb4datainc.inc(167) 3 Mb
--- ...../../base/addons/_hooks/setdefine.inc(39) 3 Mb
--- ..../../base/model/bb4datainc.inc(178) 3 Mb
--- ...../data/GDATA.inc(188) 3 Mb
--- ..../../base/model/bb4datainc.inc(186) 3 Mb
--- ...../../base/addons/_hooks/gdataadditions.inc(17) 3 Mb
--- ..../../base/model/bb4datainc.inc(202) 3 Mb
--- ...../data/HYRSMAXVOL_G.inc(838) 3 Mb
--- ..../../base/model/bb4datainc.inc(207) 3 Mb
--- ...../data/HYRSDATASET.inc(8) 3 Mb
--- ..../../base/model/bb4datainc.inc(212) 3 Mb
--- ...../data/DF_QP.inc(5) 3 Mb
--- ..../../base/model/bb4datainc.inc(217) 3 Mb
--- ...../data/MPOLSET.inc(9) 3 Mb
--- ..../../base/model/bb4datainc.inc(223) 3 Mb
--- ...../data/AGKN.inc(138) 3 Mb
--- ..../../base/model/bb4datainc.inc(229) 3 Mb
--- ...../data/Y.inc(6) 3 Mb
--- ..../../base/model/bb4datainc.inc(238) 3 Mb
--- ...../data/S.inc(6) 3 Mb
--- ..../../base/model/bb4datainc.inc(247) 3 Mb
--- ...../data/T.inc(5) 3 Mb
--- ..../../base/model/bb4datainc.inc(255) 3 Mb
--- ...../data/YVALUE.inc(12) 3 Mb
--- ..../../base/model/bb4datainc.inc(265) 3 Mb
--- ...../data/TWORKDAY.inc(1) 3 Mb
--- ..../../base/model/bb4datainc.inc(270) 3 Mb
--- ...../data/TWEEKEND.inc(1) 3 Mb
--- ..../../base/model/bb4datainc.inc(390) 3 Mb
--- ...../data/GKFX.inc(803) 4 Mb
--- ..../../base/model/bb4datainc.inc(396) 4 Mb
--- ...../data/FMAXINVEST.inc(4) 4 Mb
--- ..../../base/model/bb4datainc.inc(413) 4 Mb
--- ...../data/DISLOSS_E.inc(35) 4 Mb
--- ..../../base/model/bb4datainc.inc(418) 4 Mb
--- ...../data/DISLOSS_H.inc(66) 4 Mb
--- ..../../base/model/bb4datainc.inc(423) 4 Mb
--- ...../data/DISCOST_E.inc(35) 4 Mb
--- ..../../base/model/bb4datainc.inc(428) 4 Mb
--- ...../data/DISCOST_H.inc(66) 4 Mb
--- ..../../base/model/bb4datainc.inc(433) 4 Mb
--- ...../data/FKPOT.inc(41) 4 Mb
--- ..../../base/model/bb4datainc.inc(438) 4 Mb
--- ...../data/TECHGROUPKPOT.inc(34) 4 Mb
--- ..../../base/model/bb4datainc.inc(444) 4 Mb
--- ...../../base/data/SUBTECHGROUPKPOT.inc(21) 4 Mb
--- ..../../base/model/bb4datainc.inc(483) 4 Mb
--- ...../data/FGEMIN.inc(5) 4 Mb
--- ..../../base/model/bb4datainc.inc(488) 4 Mb
--- ...../data/FGEMAX.inc(5) 4 Mb
--- ..../../base/model/bb4datainc.inc(494) 4 Mb
--- ...../data/GMINF.inc(4) 4 Mb
--- ..../../base/model/bb4datainc.inc(500) 4 Mb
--- ...../data/GMAXF.inc(5) 4 Mb
--- ..../../base/model/bb4datainc.inc(506) 4 Mb
--- ...../data/GEQF.inc(4) 4 Mb
--- ..../../base/model/bb4datainc.inc(511) 4 Mb
--- ...../data/GMAXFS.inc(6) 4 Mb
--- ..../../base/model/bb4datainc.inc(523) 4 Mb
--- ...../data/WTRRSFLH.inc(65) 4 Mb
--- ..../../base/model/bb4datainc.inc(528) 4 Mb
--- ...../data/WTRRRFLH.inc(64) 4 Mb
--- ..../../base/model/bb4datainc.inc(534) 4 Mb
--- ...../data/WNDFLH.inc(65) 4 Mb
--- ..../../base/model/bb4datainc.inc(540) 4 Mb
--- ...../data/SOLEFLH.inc(66) 4 Mb
--- ..../../base/model/bb4datainc.inc(547) 4 Mb
--- ...../data/SOLHFLH.inc(65) 4 Mb
--- ..../../base/model/bb4datainc.inc(553) 4 Mb
--- ...../data/WAVEFLH.inc(65) 4 Mb
--- ..../../base/model/bb4datainc.inc(558) 4 Mb
--- ...../data/HYRSDATA.inc(136) 4 Mb
--- ..../../base/model/bb4datainc.inc(564) 4 Mb
--- ...../../base/data/DISCOUNTRATE.inc(2) 4 Mb
--- ..../../base/model/bb4datainc.inc(569) 4 Mb
--- ...../../base/data/LIFETIME_X.inc(2) 4 Mb
--- ..../../base/model/bb4datainc.inc(573) 4 Mb
--- ...../data/ANNUITYCG.inc(6) 4 Mb
--- ..../../base/model/bb4datainc.inc(578) 4 Mb
--- ...../data/ANNUITYCX.inc(6) 4 Mb
--- ..../../base/model/bb4datainc.inc(583) 4 Mb
--- ...../data/GINVCOST.inc(3) 4 Mb
--- ..../../base/model/bb4datainc.inc(589) 4 Mb
--- ...../../base/data/GOMVCOSTO.inc(6) 4 Mb
--- ..../../base/model/bb4datainc.inc(594) 4 Mb
--- ...../../base/data/GOMVCOSTIN.inc(6) 4 Mb
--- ..../../base/model/bb4datainc.inc(598) 4 Mb
--- ...../data/GOMFCOST.inc(7) 4 Mb
--- ..../../base/model/bb4datainc.inc(603) 4 Mb
--- ...../data/GEFFRATE.inc(5) 4 Mb
--- ..../../base/model/bb4datainc.inc(608) 4 Mb
--- ...../data/DEFP_BASE.inc(34) 4 Mb
--- ..../../base/model/bb4datainc.inc(613) 4 Mb
--- ...../data/DHFP_BASE.inc(67) 4 Mb
--- ..../../base/model/bb4datainc.inc(619) 4 Mb
--- ...../../base/data/GKF_LO.inc(4) 4 Mb
--- ..../../base/model/bb4datainc.inc(631) 4 Mb
--- ...../data/DE.inc(48) 4 Mb
--- ..../../base/model/bb4datainc.inc(640) 4 Mb
--- ...../data/DH.inc(183) 4 Mb
--- ..../../base/model/bb4datainc.inc(650) 4 Mb
--- ...../data/XINVCOST.inc(90) 4 Mb
--- ..../../base/model/bb4datainc.inc(655) 4 Mb
--- ...../data/XKFX.inc(148) 4 Mb
--- ..../../base/model/bb4datainc.inc(660) 4 Mb
--- ...../data/XCOST.inc(50) 4 Mb
--- ..../../base/model/bb4datainc.inc(665) 4 Mb
--- ...../data/XLOSS.inc(61) 4 Mb
--- ..../../base/model/bb4datainc.inc(672) 4 Mb
--- ...../data/XKRATE.inc(5) 4 Mb
--- ..../../base/model/bb4datainc.inc(677) 4 Mb
--- ...../data/XMAXINV.inc(46) 4 Mb
--- ..../../base/model/bb4datainc.inc(687) 4 Mb
--- ...../data/FUELPRICE.inc(164) 4 Mb
--- ..../../base/model/bb4datainc.inc(697) 4 Mb
--- ...../data/M_POL.inc(401) 4 Mb
--- ..../../base/model/bb4datainc.inc(715) 4 Mb
--- ...../data/WEIGHT_S.inc(7) 4 Mb
--- ..../../base/model/bb4datainc.inc(720) 4 Mb
--- ...../data/WEIGHT_T.inc(8) 4 Mb
--- ..../../base/model/bb4datainc.inc(725) 4 Mb
--- ...../data/CHRONOHOUR.inc(4) 4 Mb
--- ..../../base/model/bb4datainc.inc(730) 4 Mb
--- ...../data/GKRATE.inc(60) 4 Mb
--- ..../../base/model/bb4datainc.inc(735) 4 Mb
--- ...../data/DE_VAR_T.inc(26220) 14 Mb
--- ..../../base/model/bb4datainc.inc(740) 14 Mb
--- ...../data/DH_VAR_T.inc(8800) 23 Mb
--- ..../../base/model/bb4datainc.inc(745) 23 Mb
--- ...../data/WTRRSVAR_S.inc(100) 23 Mb
--- ..../../base/model/bb4datainc.inc(750) 23 Mb
--- ...../data/WTRRRVAR_T.inc(72) 23 Mb
--- ..../../base/model/bb4datainc.inc(755) 23 Mb
--- ...../data/WND_VAR_T.inc(9462) 33 Mb
--- ..../../base/model/bb4datainc.inc(760) 33 Mb
--- ...../data/SOLE_VAR_T.inc(8749) 42 Mb
--- ..../../base/model/bb4datainc.inc(765) 42 Mb
--- ...../data/SOLH_VAR_T.inc(8745) 42 Mb
--- ..../../base/model/bb4datainc.inc(770) 42 Mb
--- ...../data/WAVE_VAR_T.inc(3) 42 Mb
--- ..../../base/model/bb4datainc.inc(775) 42 Mb
--- ...../data/X3FX.inc(29) 42 Mb
--- ..../../base/model/bb4datainc.inc(780) 42 Mb
--- ...../data/X3FX_VAR_T.inc(8751) 42 Mb
--- ..../../base/model/bb4datainc.inc(785) 42 Mb
--- ...../data/HYPPROFILS.inc(18) 42 Mb
--- ..../../base/model/bb4datainc.inc(802) 42 Mb
--- ...../data/YMODEL.inc(6) 42 Mb
--- ..../../base/model/bb4datainc.inc(804) 42 Mb
--- ...../data/YMODELDELTA.inc(6) 42 Mb
--- ..../../base/model/bb4datainc.inc(820) 42 Mb
--- ...../data/OMONEY.inc(2) 42 Mb
--- ..../../base/model/bb4datainc.inc(825) 42 Mb
--- ...../data/PENALTYQ.inc(5) 42 Mb
--- ..../../base/model/bb4datainc.inc(833) 42 Mb
--- ...../../base/addons/_hooks/pardefine.inc(36) 42 Mb
--- ..../../base/model/bb4datainc.inc(835) 42 Mb
--- .../../base/model/Balmorelbb4.inc(596) 42 Mb
--- ..../../base/addons/_hooks/isetdecdef.inc(24) 42 Mb
--- .../../base/model/Balmorelbb4.inc(622) 42 Mb
--- ..../../base/addons/_hooks/pardeclare.inc(29) 42 Mb
--- .../../base/model/Balmorelbb4.inc(1023) 42 Mb
--- ..../../base/addons/_hooks/ipardecdef.inc(22) 42 Mb
--- .../../base/model/Balmorelbb4.inc(1143) 42 Mb
--- ..../../base/output/printout/printinc/print1.inc(353) 42 Mb
--- .../../base/model/Balmorelbb4.inc(1148) 42 Mb
--- ..../../base/logerror/logerinc/error2.inc(1119) 42 Mb
--- .../../base/model/Balmorelbb4.inc(1179) 42 Mb
--- ..../../base/addons/_hooks/reducecard.inc(4) 42 Mb
--- .../../base/model/Balmorelbb4.inc(1274) 42 Mb
--- ..../../base/addons/_hooks/vardeclare.inc(33) 42 Mb
--- .../../base/model/Balmorelbb4.inc(1504) 42 Mb
--- ..../../base/addons/_hooks/qobj.inc(36) 42 Mb
--- .../../base/model/Balmorelbb4.inc(1536) 42 Mb
--- ..../../base/addons/_hooks/qeeq.inc(24) 42 Mb
--- .../../base/model/Balmorelbb4.inc(1553) 42 Mb
--- ..../../base/addons/_hooks/qheq.inc(22) 42 Mb
--- .../../base/model/Balmorelbb4.inc(1568) 42 Mb
--- ..../../base/addons/_hooks/qgfeq.inc(20) 42 Mb
--- .../../base/model/Balmorelbb4.inc(1645) 42 Mb
--- ..../../base/addons/_hooks/qhyrsseq.inc(8) 42 Mb
--- .../../base/model/Balmorelbb4.inc(1656) 42 Mb
--- ..../../base/addons/_hooks/qhyrsminvol.inc(8) 42 Mb
--- .../../base/model/Balmorelbb4.inc(1668) 42 Mb
--- ..../../base/addons/_hooks/qhyrsmaxvol.inc(8) 42 Mb
--- .../../base/model/Balmorelbb4.inc(1683) 42 Mb
--- ..../../base/addons/_hooks/qhymaxg.inc(8) 42 Mb
--- .../../base/model/Balmorelbb4.inc(1695) 42 Mb
--- ..../../base/addons/_hooks/qestovolt.inc(8) 42 Mb
--- .../../base/model/Balmorelbb4.inc(1708) 42 Mb
--- ..../../base/addons/_hooks/qestovolts.inc(8) 42 Mb
--- .../../base/model/Balmorelbb4.inc(1718) 42 Mb
--- ..../../base/addons/_hooks/qhstovolt.inc(8) 42 Mb
--- .../../base/model/Balmorelbb4.inc(1731) 42 Mb
--- ..../../base/addons/_hooks/qhstovolts.inc(8) 42 Mb
--- .../../base/model/Balmorelbb4.inc(1908) 42 Mb
--- ..../../base/addons/_hooks/qkefuelc.inc(8) 42 Mb
--- .../../base/model/Balmorelbb4.inc(1919) 42 Mb
--- ..../../base/addons/_hooks/qkefuelr.inc(8) 42 Mb
--- .../../base/model/Balmorelbb4.inc(1930) 42 Mb
--- ..../../base/addons/_hooks/qkefuela.inc(8) 42 Mb
--- .../../base/model/Balmorelbb4.inc(1983) 42 Mb
--- ..../../base/addons/_hooks/qgeqcf.inc(8) 42 Mb
--- .../../base/model/Balmorelbb4.inc(2000) 42 Mb
--- ..../../base/addons/_hooks/qgeqrf.inc(8) 42 Mb
--- .../../base/model/Balmorelbb4.inc(2017) 42 Mb
--- ..../../base/addons/_hooks/qgeqaf.inc(8) 42 Mb
--- .../../base/model/Balmorelbb4.inc(2140) 42 Mb
--- ..../../base/addons/_hooks/qktechgroupc.inc(8) 42 Mb
--- .../../base/model/Balmorelbb4.inc(2151) 42 Mb
--- ..../../base/addons/_hooks/qktechgroupr.inc(8) 42 Mb
--- .../../base/model/Balmorelbb4.inc(2162) 42 Mb
--- ..../../base/addons/_hooks/qktechgroupa.inc(8) 42 Mb
--- .../../base/model/Balmorelbb4.inc(2215) 42 Mb
--- ..../../base/addons/_hooks/qxk_up.inc(8) 42 Mb
--- .../../base/model/Balmorelbb4.inc(2226) 42 Mb
--- ..../../base/addons/_hooks/qxknaccumnet.inc(8) 42 Mb
--- .../../base/model/Balmorelbb4.inc(2293) 42 Mb
--- ..../../base/addons/_hooks/qgknaccumgross.inc(8) 42 Mb
--- .../../base/model/Balmorelbb4.inc(2309) 42 Mb
--- ..../../base/addons/_hooks/qgknaccumnet.inc(9) 42 Mb
--- .../../base/model/Balmorelbb4.inc(2334) 42 Mb
--- ..../../base/addons/_hooks/qgke_up.inc(8) 42 Mb
--- .../../base/model/Balmorelbb4.inc(2344) 42 Mb
--- ..../../base/addons/_hooks/qgkh_up.inc(8) 42 Mb
--- .../../base/model/Balmorelbb4.inc(2455) 42 Mb
--- ..../../base/addons/_hooks/eqndecdef.inc(30) 42 Mb
--- .../../base/model/Balmorelbb4.inc(2614) 42 Mb
--- ..../../base/addons/_hooks/balbase4.inc(21) 42 Mb
--- .../../base/model/Balmorelbb4.inc(2650) 42 Mb
--- ..../../base/addons/_hooks/error2.inc(15) 42 Mb
--- .../../base/model/Balmorelbb4.inc(2651) 42 Mb
--- ..../../base/addons/BB4/errorBB4.inc(62) 42 Mb
--- .../../base/model/Balmorelbb4.inc(2678) 42 Mb
--- ..../../base/addons/BB4/BB4overview.inc(114) 42 Mb
--- .../../base/model/Balmorelbb4.inc(2683) 42 Mb
--- ..../../base/model/Balmorelbb4.sim(250) 42 Mb
--- ...../../base/addons/_hooks/sim.inc(26) 42 Mb
--- ..../../base/model/Balmorelbb4.sim(251) 42 Mb
--- ...../../base/addons/_hooks/varloupfx.inc(8) 42 Mb
--- ..../../base/model/Balmorelbb4.sim(300) 42 Mb
--- ...../../base/addons/_hooks/solveend.inc(17) 42 Mb
--- ..../../base/model/Balmorelbb4.sim(305) 42 Mb
--- ...../../base/logerror/logerinc/balbase4.mss(120) 42 Mb
--- ..../../base/model/Balmorelbb4.sim(341) 42 Mb
--- ...../../base/addons/BB4/errorBB4.inc(62) 42 Mb
--- ..../../base/model/Balmorelbb4.sim(369) 42 Mb
--- ...../../base/addons/_hooks/varassign.inc(4) 42 Mb
--- ..../../base/model/Balmorelbb4.sim(392) 42 Mb
--- .../../base/model/Balmorelbb4.inc(2748) 42 Mb
--- Balmorel.gms(3225) 42 Mb
--- .../../base/addons/_hooks/endofmodel_post.inc(5) 42 Mb
--- ..../../base/addons/all_endofmodelgdx/all_endofmodelgdx.inc(59) 42 Mb
--- .../../base/addons/_hooks/endofmodel_post.inc(5) 42 Mb
--- Balmorel.gms(3305) 42 Mb
--- .../../base/output/OUTPUT_SUMMARY.inc(704) 42 Mb
--- Balmorel.gms(3312) 42 Mb
--- Starting execution: elapsed 0:00:03.760
--- Balmorel.gms(962) 43 Mb
--- Balmorel.gms(965) 43 Mb
--- Balmorel.gms(79156) 130 Mb
--- GDX File C:\Users\geipel\Documents\GitHub\EEG-policy modelling\EEG-Balmorel\scen_RE40-Trade\model\../output/temp/IWEIGHTY.gdx
--- Balmorel.gms(79681) 130 Mb
rm: ../output/printout/*.*: No such file or directory
--- Balmorel.gms(80718) 133 Mb
--- GDX File C:\Users\geipel\Documents\GitHub\EEG-policy modelling\EEG-Balmorel\scen_RE40-Trade\output\inputout\INPUTDATAOUT.gdx
--- Balmorel.gms(80791) 137 Mb
--- GDX File C:\Users\geipel\Documents\GitHub\EEG-policy modelling\EEG-Balmorel\scen_RE40-Trade\model\../output/temp/1INPUT.gdx
--- Balmorel.gms(82814) 505 Mb  6 secs
--- Generating LP model BALBASE4
--- Balmorel.gms(81021) 1416 Mb  95 secs
--- Balmorel.gms(81138) 2651 Mb  26 secs
--- Balmorel.gms(81175) 2856 Mb  4 secs
--- Balmorel.gms(81209) 5964 Mb  13 secs
--- Balmorel.gms(81258) 6104 Mb  3 secs
--- Balmorel.gms(81263) 6330 Mb  4 secs
--- Balmorel.gms(83062) 6940 Mb  21 secs
--- LOOPS IYALIAS = 2030
---   16,959,241 rows  19,124,425 columns  59,767,177 non-zeroes
--- Balmorel.gms(83062) 6940 Mb  22 secs
--- Executing CPLEX: elapsed 0:03:23.179
--- Balmorel.gms(83062) 6940 Mb  26 secs

IBM ILOG CPLEX   24.7.1 r56632 Released Mar 14, 2016 WEI x86 64bit/MS Windows 
--- GAMS/Cplex Link licensed for continuous and discrete problems.
Cplex 12.6.3.0

Reading parameter(s) from "C:\Users\geipel\Documents\GitHub\EEG-policy modelling\EEG-Balmorel\scen_RE40-Trade\model\cplex.op6"
>>  * Option file 6 for CPLEX solver. For possible options, see the GAMS Solver Manual.
>>  * To use with CPLEX,  set  '$Setglobal USEOPTIONFILE 6' in balgams.opt.
>>  * Do not change this file, it is predefined.
>>  * To use other options with CPLEX, make and/or use some other file, see USEOPTIONFILE in balgams.opt.
>>  * "LPmethod  6": This concurrent option runs multiple methods in parallel.
>>  * "Threads  -1": Use all available threads except 1.
>> »* The first thread uses dual simplex. The second thread uses barrier. The next thread uses primal simplex. Remaining threads are u»
>> »sed by the barrier run.
>> »* If the aspect ratio (number of columns versus number of rows) is large, and if more than 10 threads are available, then concurre»
>> »nt optimization also invokes sifting on the LP.
>>  * The solution is returned by first method to finish.
>>  * If memory tight, set the Threads parameter to 1.
>> 
>>  LPmethod  4
>>  Threads  -1
>> 
>> 
Finished reading from "C:\Users\geipel\Documents\GitHub\EEG-policy modelling\EEG-Balmorel\scen_RE40-Trade\model\cplex.op6"
Resetting option THREADS of value -1 to 3 (4 cores detected).
Reading data...
Starting Cplex...
Space for names approximately 2061.90 Mb
Use option 'names no' to turn use of names off
Aggregator has done 819471 substitutions...
Tried aggregator 1 time.
Aggregator has done 819471 substitutions...
LP Presolve eliminated 9762899 rows and 9673983 columns.
Aggregator did 819471 substitutions.
Reduced LP has 6376871 rows, 8630971 columns, and 25403642 nonzeros.
Presolve time = 146.83 sec. (131079.67 ticks)
Symmetry aggregator did 1215918 additional substitutions.
Tried aggregator 0 times.
No LP presolve or aggregator reductions.
Presolve time = 7.03 sec. (2808.15 ticks)
Parallel mode: using up to 3 threads for barrier.

***NOTE: Found 162 dense columns.

Number of nonzeros in lower triangle of A*A' = 17131572
Using Approximate Minimum Degree ordering
Total time for automatic ordering = 4.53 sec. (2182.91 ticks)
Summary statistics for Cholesky factor:
  Threads                   = 3
  Rows in Factor            = 5651165
  Integer space required    = 13990906
  Total non-zeros in factor = 70410533
  Total FP ops to factor    = 6300990735
 Itn      Primal Obj        Dual Obj  Prim Inf Upper Inf  Dual Inf Inf Ratio
   0  2.2548151e+011 -1.6574182e+012 7.95e+008 1.02e+009 1.09e+009 1.00e+000
   1  2.1188519e+011 -1.4657415e+012 5.75e+008 7.41e+008 9.72e+008 6.93e-004
   2  2.0458292e+011 -1.4157227e+012 4.86e+008 6.27e+008 9.42e+008 3.70e-004
   3  1.9708555e+011 -1.3334155e+012 4.03e+008 5.19e+008 8.93e+008 2.15e-004
   4  1.8384394e+011 -1.0813032e+012 2.77e+008 3.57e+008 7.42e+008 1.35e-004
   5  1.8118221e+011 -8.7119082e+011 2.55e+008 3.29e+008 6.15e+008 1.02e-004
   6  1.7724322e+011 -7.8286523e+011 2.25e+008 2.90e+008 5.62e+008 9.13e-005
   7  1.7583752e+011 -7.5535539e+011 2.08e+008 2.67e+008 5.45e+008 9.08e-005
   8  1.6974938e+011 -6.7025769e+011 1.64e+008 2.11e+008 4.94e+008 8.43e-005
   9  1.6507940e+011 -5.6501546e+011 1.35e+008 1.73e+008 4.30e+008 7.99e-005
  10  1.6331309e+011 -5.5257022e+011 1.25e+008 1.61e+008 4.23e+008 7.95e-005
  11  1.5948204e+011 -4.7886362e+011 1.00e+008 1.29e+008 3.78e+008 7.79e-005
  12  1.5590622e+011 -3.9557109e+011 8.36e+007 1.08e+008 3.27e+008 7.91e-005
  13  1.5226960e+011 -3.2974660e+011 6.91e+007 8.91e+007 2.86e+008 8.16e-005
  14  1.4775449e+011 -3.0007064e+011 5.42e+007 6.98e+007 2.68e+008 8.35e-005
  15  1.4376052e+011 -2.3927692e+011 4.17e+007 5.37e+007 2.30e+008 8.88e-005
  16  1.4048442e+011 -1.9239408e+011 3.31e+007 4.26e+007 2.01e+008 9.51e-005
  17  1.3819184e+011 -1.6580461e+011 2.80e+007 3.60e+007 1.84e+008 9.99e-005
  18  1.3365637e+011 -1.2491822e+011 1.88e+007 2.42e+007 1.58e+008 1.09e-004
  19  1.3261632e+011 -1.0210404e+011 1.70e+007 2.19e+007 1.43e+008 1.17e-004
  20  1.3144537e+011 -8.0371205e+010 1.52e+007 1.97e+007 1.29e+008 1.25e-004
  21  1.2891695e+011 -6.0547728e+010 1.17e+007 1.51e+007 1.17e+008 1.34e-004
  22  1.2839688e+011 -5.4755138e+010 1.11e+007 1.43e+007 1.13e+008 1.38e-004
  23  1.2806949e+011 -5.0754420e+010 1.07e+007 1.38e+007 1.10e+008 1.40e-004
  24  1.2724344e+011 -4.1312858e+010 9.80e+006 1.26e+007 1.04e+008 1.46e-004
  25  1.2657157e+011 -2.3659317e+010 9.11e+006 1.17e+007 9.26e+007 1.60e-004
  26  1.2603948e+011 -1.3789319e+010 8.63e+006 1.11e+007 8.61e+007 1.69e-004
  27  1.2541316e+011 -6.9218861e+009 8.10e+006 1.04e+007 8.15e+007 1.76e-004
  28  1.2432504e+011  5.5152665e+009 7.23e+006 9.32e+006 7.32e+007 1.92e-004
  29  1.2311223e+011  1.1728782e+010 6.35e+006 8.19e+006 6.90e+007 2.02e-004
  30  1.2193275e+011  1.5168405e+010 5.54e+006 7.13e+006 6.67e+007 2.07e-004
  31  1.2012328e+011  2.3287624e+010 4.30e+006 5.54e+006 6.12e+007 2.23e-004
  32  1.1873378e+011  3.5189629e+010 3.42e+006 4.40e+006 5.31e+007 2.51e-004
  33  1.1769062e+011  4.2302192e+010 2.85e+006 3.67e+006 4.82e+007 2.73e-004
  34  1.1665301e+011  4.5424072e+010 2.33e+006 3.01e+006 4.61e+007 2.84e-004
  35  1.1587296e+011  5.5492660e+010 1.96e+006 2.53e+006 3.91e+007 3.28e-004
  36  1.1527453e+011  5.6251596e+010 1.73e+006 2.23e+006 3.85e+007 3.32e-004
  37  1.1462083e+011  5.9610285e+010 1.47e+006 1.90e+006 3.62e+007 3.51e-004
  38  1.1418647e+011  6.2363589e+010 1.33e+006 1.72e+006 3.42e+007 3.70e-004
  39  1.1366431e+011  6.7154654e+010 1.17e+006 1.50e+006 3.08e+007 4.07e-004
  40  1.1359940e+011  6.7993476e+010 1.15e+006 1.48e+006 3.01e+007 4.14e-004
  41  1.1303422e+011  7.0009510e+010 9.95e+005 1.28e+006 2.87e+007 4.33e-004
  42  1.1255914e+011  7.3409167e+010 8.72e+005 1.12e+006 2.62e+007 4.71e-004
  43  1.1230470e+011  7.5885029e+010 8.12e+005 1.05e+006 2.44e+007 5.03e-004
  44  1.1176396e+011  7.7678866e+010 6.94e+005 8.94e+005 2.30e+007 5.30e-004
  45  1.1142427e+011  8.0348759e+010 6.21e+005 8.00e+005 2.10e+007 5.77e-004
  46  1.1121328e+011  8.2846347e+010 5.79e+005 7.46e+005 1.92e+007 6.30e-004
  47  1.1079875e+011  8.5281490e+010 5.02e+005 6.47e+005 1.73e+007 6.92e-004
  48  1.1074774e+011  8.6041500e+010 4.93e+005 6.36e+005 1.67e+007 7.15e-004
  49  1.1011939e+011  8.9226650e+010 3.89e+005 5.01e+005 1.43e+007 8.30e-004
  50  1.0962576e+011  9.0203848e+010 3.16e+005 4.08e+005 1.35e+007 8.74e-004
  51  1.0924820e+011  9.3453710e+010 2.62e+005 3.38e+005 1.10e+007 1.07e-003
  52  1.0897161e+011  9.4801460e+010 2.29e+005 2.95e+005 9.87e+006 1.18e-003
  53  1.0855363e+011  9.7151134e+010 1.83e+005 2.35e+005 7.96e+006 1.45e-003
  54  1.0804069e+011  9.9640456e+010 1.34e+005 1.72e+005 5.87e+006 1.95e-003
ERROR: Solver "CPLEX" returned with nonzero exitcode 1 
--- Restarting execution
--- Balmorel.gms(83062) 1507 Mb
--- Reading solution for model BALBASE4
--- Executing after solve: elapsed 0:16:37.743
--- Balmorel.gms(82814) 1508 Mb

C:\Users\geipel\Documents\GitHub\EEG-policy modelling\EEG-Balmorel\scen_RE40-Trade\model>move "BALBASE4_p.gdx" "..\output\temp/2030.gdx" 
Das System kann die angegebene Datei nicht finden.
--- Balmorel.gms(83369) 1508 Mb
--- GDX File C:\Users\geipel\Documents\GitHub\EEG-policy modelling\EEG-Balmorel\scen_RE40-Trade\model\../../simex/HYRSG.gdx
--- Balmorel.gms(83370) 1508 Mb
--- GDX File C:\Users\geipel\Documents\GitHub\EEG-policy modelling\EEG-Balmorel\scen_RE40-Trade\model\../../simex/VHYRS_SL.gdx
--- Balmorel.gms(83371) 1508 Mb
--- GDX File C:\Users\geipel\Documents\GitHub\EEG-policy modelling\EEG-Balmorel\scen_RE40-Trade\model\../../simex/WATERVAL.gdx
--- Balmorel.gms(83384) 1508 Mb
--- GDX File C:\Users\geipel\Documents\GitHub\EEG-policy modelling\EEG-Balmorel\scen_RE40-Trade\model\../../simex/XKACCUMNET.gdx
--- Balmorel.gms(83385) 1508 Mb
--- GDX File C:\Users\geipel\Documents\GitHub\EEG-policy modelling\EEG-Balmorel\scen_RE40-Trade\model\../../simex/GKACCUMNET.gdx
--- Balmorel.gms(83398) 1508 Mb
--- GDX File C:\Users\geipel\Documents\GitHub\EEG-policy modelling\EEG-Balmorel\scen_RE40-Trade\model\../../simex/GVESTOVOLTS.gdx
--- Balmorel.gms(83399) 1508 Mb
--- GDX File C:\Users\geipel\Documents\GitHub\EEG-policy modelling\EEG-Balmorel\scen_RE40-Trade\model\../../simex/GVHSTOVOLTS.gdx
--- Balmorel.gms(83438) 1508 Mb
--- GDX File C:\Users\geipel\Documents\GitHub\EEG-policy modelling\EEG-Balmorel\scen_RE40-Trade\model\all_endofmodel.gdx
--- Balmorel.gms(83449) 1508 Mb
Output file: merged.gdx
Reading file: ..\output\temp\IWEIGHTY.gdx         
Merge complete
--- Balmorel.gms(83450) 1508 Mb
        1 Datei(en) verschoben.
--- Balmorel.gms(83453) 1508 Mb
Output file: merged.gdx
Reading file: ..\output\BASE.gdx         
Merge complete
--- Balmorel.gms(83455) 1508 Mb
        1 Datei(en) verschoben.
--- Balmorel.gms(83460) 1508 Mb
GDX2SQLITE v 0.7
GDX Library      24.7.1 r56632 Released Mar 14, 2016 WEI x86 64bit/MS Windows 
Current directory:C:\Users\geipel\Documents\GitHub\EEG-policy modelling\EEG-Balmorel\scen_RE40-Trade\model

   InputFile:..\output\BASE-results.gdx
   OutputFile:..\output\BASE-results.db
   Symbols:503
   Uels:771
   Loading Uels
   Processing Symbols
     IBALVERSN(1 records)
     ROLLINGSEASONSNUMBER(1 records)
     GINVESTSTART(1 records)
     XINVESTSTART(1 records)
     GDECOMEXOSTART(1 records)
     GDECOMEXOPOTSTART(1 records)
     SystemDateTime(1 records)
     INFODISPLAY(1 records)
     IOF100(1 records)
     IOF1000(1 records)
     IOF1000000(1 records)
     IOF0001(1 records)
     IOF0000001(1 records)
     IOF3P6(1 records)
     IOF24(1 records)
     IOF8760(1 records)
     IOF8784(1 records)
     IOF365(1 records)
     IOF05(1 records)
     IOF1_(1 records)
     ISCALAR1(1 records)
     ISCALAR2(1 records)
     ISCALAR3(1 records)
     ISCALAR4(1 records)
     ISCALAR5(1 records)
     ERRCOUNT2(1 records)
     ERRCOUNT3(1 records)
     ERRCOUNT4(1 records)
     ERRSCALAR1(1 records)
     CCCRRRAAA(123 records)
     CCC(31 records)
     C(27 records)
     RRR(31 records)
     AAA(61 records)
     CCCRRR(31 records)
     RRRAAA(61 records)
     IR(27 records)
     IA(54 records)
     ICA(61 records)
     YYY(39 records)
     SSS(52 records)
     TTT(168 records)
     Y(1 records)
     S(52 records)
     T(168 records)
     TWORKDAY(120 records)
     TWEEKEND(48 records)
     GGG(171 records)
     GDATASET(55 records)
     FFF(50 records)
     FDATASET(6 records)
     HYRSDATASET(4 records)
     G(171 records)
     AGKN(341 records)
     DEUSER(3 records)
     DHUSER(1 records)
     DF_QP(2 records)
     DEF(0 records)
     DEF_D1(0 records)
     DEF_U1(0 records)
     DEF_D2(0 records)
     DEF_U2(0 records)
     DEF_D3(0 records)
     DEF_U3(0 records)
     DHF(0 records)
     DHF_D1(0 records)
     DHF_U1(0 records)
     DHF_D2(0 records)
     DHF_U2(0 records)
     DHF_D3(0 records)
     DHF_U3(0 records)
     MPOLSET(6 records)
     IGGGALIAS(171 records)
     IGALIAS(171 records)
     CCCRRRAAAALIAS(123 records)
     IS3(0 records)
     IS33(52 records)
     SREV(52 records)
     SREV2(52 records)
     TREV(168 records)
     TREV2(168 records)
     IRRRE(31 records)
     IRRRI(31 records)
     IRE(27 records)
     IRI(27 records)
     IFFFALIAS(50 records)
     IFFFALIAS2(50 records)
     IYYYALIAS(39 records)
     IYYYALIAS2(39 records)
     IYALIAS(1 records)
     ISALIAS(52 records)
     ISALIAS2(52 records)
     ISALIAS3(52 records)
     IS3LOOPSET(52 records)
     ITALIAS(168 records)
     ITALIAS2(168 records)
     ITALIAS3(168 records)
     GDATA(2955 records)
     IGCND(54 records)
     IGBPR(4 records)
     IGEXT(68 records)
     IGHOB(8 records)
     IGETOH(4 records)
     IGHSTO(0 records)
     IGHSTOS(0 records)
     IGHSTOALL(0 records)
     IGESTO(4 records)
     IGESTOS(4 records)
     IGESTOALL(8 records)
     IGHYRS(4 records)
     IGHYRR(4 records)
     IGWND(8 records)
     IGSOLE(8 records)
     IGSOLH(0 records)
     IGWAVE(0 records)
     IGHH(8 records)
     IGHHNOSTO(8 records)
     IGNOTETOH(167 records)
     IGKH(12 records)
     IGKHNOSTO(12 records)
     IGKE(158 records)
     IGKENOSTO(150 records)
     IGDISPATCH(150 records)
     IGEE(86 records)
     IGEENOSTO(78 records)
     IGKKNOWN(165 records)
     IGKFIND(6 records)
     IGEH(76 records)
     IGE(162 records)
     IGH(84 records)
     IGBYPASS(0 records)
     IWATERTANK(0 records)
     IPIT(0 records)
     IHEATPUMP(4 records)
     IHEATPUMPAIR(0 records)
     IHEATPUMPEXCESSHEAT(0 records)
     IHEATPUMPGROUND(0 records)
     IGHNOWT(0 records)
     ILINKSTO(0 records)
     GKFX(7467 records)
     YVALUE(39 records)
     IWEIGHTY(2 records)
     FDATA(130 records)
     FMAXINVEST(0 records)
     FMAXINVESTNA(0 records)
     GROWTHCAPCG(4617 records)
     DISLOSS_E(31 records)
     DISLOSS_H(61 records)
     DISCOST_E(31 records)
     DISCOST_H(61 records)
     FKPOT(0 records)
     FGEMIN(0 records)
     FGEMAX(123 records)
     FKMIN(0 records)
     FKMAX(0 records)
     FKEQ(0 records)
     FKMINNA(0 records)
     FKMAXNA(0 records)
     FKEQNA(0 records)
     GMINF(0 records)
     GMAXF(0 records)
     GEQF(0 records)
     WTRRSFLH(48 records)
     WTRRRFLH(56 records)
     WNDFLH(61 records)
     SOLEFLH(61 records)
     SOLHFLH(61 records)
     WAVEFLH(61 records)
     HYRSMAXVOL_G(192 records)
     HYRSDATA(6344 records)
     ANNUITYCG(162 records)
     ANNUITYCX(31 records)
     LIFETIME_X(1 records)
     DISCOUNTRATE(1 records)
     GINVCOST(834 records)
     GOMVCOSTO(438 records)
     GOMVCOSTIN(195 records)
     GOMFCOST(10370 records)
     GEFFRATE(0 records)
     DEFP_BASE(31 records)
     DHFP_BASE(61 records)
     DE(27 records)
     DH(29 records)
     XKFX(4551 records)
     XINVCOST(2301 records)
     XCOST(0 records)
     XLOSS(930 records)
     XKRATE(6500 records)
     M_POL(124 records)
     M_POLNA(0 records)
     WEIGHT_S(52 records)
     WEIGHT_T(168 records)
     CHRONOHOUR(8736 records)
     GKRATE(0 records)
     DE_VAR_T(252699 records)
     DH_VAR_T(235872 records)
     WTRRSVAR_S(2808 records)
     WTRRRVAR_T(471744 records)
     WND_VAR_T(261170 records)
     SOLE_VAR_T(255702 records)
     WAVE_VAR_T(0 records)
     X3FX_VAR_T(0 records)
     HYPPROFILS(0 records)
     HYRSG(0 records)
     VHYRS_SL(0 records)
     WATERVAL(0 records)
     GKACCUMNET(0 records)
     XKACCUMNET(0 records)
     GVESTOVOLTS(0 records)
     GVHSTOVOLTS(0 records)
     CO2FACTOR(93 records)
     TECH_GROUP(17 records)
     TECH_GROUP_VALUE(17 records)
     SUBTECH_GROUP(22 records)
     SUBTECH_GROUP_VALUE(22 records)
     INVDATASET(7 records)
     INVDATA(61 records)
     ALLOWEDINV(341 records)
     IYALIAS2(1 records)
     GKFX1(7467 records)
     TECHGROUPKPOT(0 records)
     SUBTECHGROUPKPOT(153 records)
     GMAXFS(0 records)
     GKF_LO(0 records)
     DE1(27 records)
     DH1(29 records)
     XMAXINV(0 records)
     FUELPRICE(11529 records)
     FUELPRICE1(189 records)
     DE_VAR_T1(287643 records)
     DH_VAR_T1(262080 records)
     WTRRRVAR_S(1518 records)
     WND_VAR_T1(304703 records)
     SOLE_VAR_T1(286403 records)
     SOLH_VAR_T(0 records)
     SOLH_VAR_T1(0 records)
     X3FX(0 records)
     X3FX_VAR_T1(0 records)
     YMODEL(1 records)
     YMODELDELTA(0 records)
     OMONEY(1 records)
     PENALTYQ(1 records)
     IYMODEL4(1 records)
     IYALIAS44(1 records)
     IY402(1 records)
     IY411(0 records)
     IY410(0 records)
     IY401(0 records)
     IY411FIRST(0 records)
     IY411PREVY(0 records)
     IYFIRST(1 records)
     IGF(181 records)
     ILOOPBREAK(1 records)
     IFIRSTYEARNEXTBB4(1 records)
     IAGKFX(534 records)
     IXKN(0 records)
     IAGKN(270 records)
     IAGKNY(270 records)
     IXK_HASORPOT(89 records)
     IAGK_HASORPOT(804 records)
     IGDECOMEXOPOT(0 records)
     IPLUSMINUS(2 records)
     IYHASANNUITYG(6 records)
     IYHASANNUITYX(0 records)
     IINVYEARG_LEFT(6 records)
     IINVYEARX_LEFT(0 records)
     IN_INV_G(6 records)
     IN_INV_X(0 records)
     IGKRATE(0 records)
     IM_CO2(107 records)
     IM_CO2RE(0 records)
     IM_SO2(57 records)
     IM_N2O(107 records)
     IWEIGHSUMS(1 records)
     IWEIGHSUMT(1 records)
     IHOURSINST(8736 records)
     IHYRST(8736 records)
     IDE_SUMST(29 records)
     IDH_SUMST(27 records)
     IX3FXSUMST(0 records)
     IWND_SUMST(30 records)
     ISOLESUMST(52 records)
     ISOLHSUMST(0 records)
     IWAVESUMST(0 records)
     IWTRRSSUM(54 records)
     IWTRRRSUM(54 records)
     ITAX_GF(0 records)
     ITAX_GH(0 records)
     ITAX_GE(0 records)
     ITAX_KN(0 records)
     IGMAXF_Y(0 records)
     IGMINF_Y(0 records)
     IGEQF_Y(0 records)
     IX3FX_T(0 records)
     IHYINF_S(2132 records)
     IGROWTHCAPCG(0 records)
     OCASEID(1 records)
     OIMONEY(1 records)
     OCARDSETA(1 records)
     OCARDSETR(1 records)
     OTLW(1 records)
     OTLWCRA(1 records)
     OTLWY(1 records)
     OTLWS(1 records)
     OTLWT(1 records)
     OTLWG(1 records)
     OALIASS(52 records)
     OALIAST(168 records)
     OEG_YAT(0 records)
     OEG_YR(0 records)
     OEG_YC(0 records)
     OEG_YNA(0 records)
     OEG_YNAF(0 records)
     OEP_YRT(0 records)
     OEP_YR(0 records)
     OEP_YC(0 records)
     OEP_YNA(0 records)
     OHP_YAT(0 records)
     OHP_YA(0 records)
     OHP_YC(0 records)
     OHP_YNA(0 records)
     OAEP_YNA(0 records)
     OGKN_YNAF(0 records)
     OGK_YAG(0 records)
     OGK_YCG(0 records)
     OGK_YNAG(0 records)
     OGK_YNAF(0 records)
     IDE_T(235872 records)
     IDH_T(235872 records)
     DE__YCU(0 records)
     EP__YRT(0 records)
     ERRSETGGG(0 records)
     ICHECKWDAY(0 records)
     IDISCOUNTFACTOR(1 records)
     IXKRATE(777504 records)
     IGMINF(0 records)
     IGMAXF(0 records)
     IGEQF(0 records)
     IGMAXFS(0 records)
     ISIMWEIGHT(0 records)
     IORD_IY(0 records)
     VOBJ(1 records)
     VGE_T(0 records)
     VGH_T(0 records)
     VGF_T(0 records)
     VX_T(0 records)
     VGKN(0 records)
     VXKN(0 records)
     VGHYPMS_T(0 records)
     VHYRS_S(0 records)
     VESTOLOADT(0 records)
     VESTOLOADTS(0 records)
     VHSTOLOADT(0 records)
     VHSTOLOADTS(0 records)
     VESTOVOLT(0 records)
     VESTOVOLTS(0 records)
     VHSTOVOLT(0 records)
     VHSTOVOLTS(0 records)
     VGKNACCUMNET(0 records)
     VGKNACCUMGROSS(0 records)
     VXKNACCUMNET(0 records)
     QOBJ(1 records)
     QEEQ(0 records)
     QHEQ(0 records)
     QGFEQ(0 records)
     QGFNEQ(0 records)
     QGCBGBPR(0 records)
     QGCBGBPRBYPASS1(0 records)
     QGCBGBPRBYPASS2(0 records)
     QGCBGEXT(0 records)
     QGCVGEXT(0 records)
     QGGETOH(0 records)
     QHYRSSEQ(0 records)
     QHYRSMINVOL(0 records)
     QHYRSMAXVOL(0 records)
     QHYMAXG(0 records)
     QHYMINRS(0 records)
     QESTOVOLT(0 records)
     QESTOVOLTS(0 records)
     QHSTOVOLT(0 records)
     QHSTOVOLTS(0 records)
     QHSTOLOADT(0 records)
     QHSTOLOADTLIM(0 records)
     QESTOLOADTLIM(0 records)
     QHSTOVOLTLIM(0 records)
     QESTOVOLTLIM(0 records)
     QHSTOVGHTLIM(0 records)
     QESTOVGETLIM(0 records)
     QHSTOLOADTS(0 records)
     QHSTOLOADTLIMS(0 records)
     QESTOLOADTLIMS(0 records)
     QHSTOVOLTLIMS(0 records)
     QESTOVOLTLIMS(0 records)
     QHSTOVGHTLIMS(0 records)
     QESTOVGETLIMS(0 records)
     QKEFUELC(0 records)
     QKEFUELR(0 records)
     QKEFUELA(0 records)
     QKTECHGROUPC(0 records)
     QKTECHGROUPR(0 records)
     QKTECHGROUPA(0 records)
     QKSUBTECHGROUPC(0 records)
     QKSUBTECHGROUPR(0 records)
     QKSUBTECHGROUPA(0 records)
     QGMINFUELC(0 records)
     QGMAXFUELC(0 records)
     QGMINFUELR(0 records)
     QGMAXFUELR(0 records)
     QGMINFUELA(0 records)
     QGMAXFUELA(0 records)
     QGMINCF(0 records)
     QGMAXCF(0 records)
     QGEQCF(0 records)
     QGMINRF(0 records)
     QGMAXRF(0 records)
     QGEQRF(0 records)
     QGMINAF(0 records)
     QGMAXAF(0 records)
     QGEQAF(0 records)
     QKMINFC(0 records)
     QKMAXFC(0 records)
     QKEQFC(0 records)
     QKMINFR(0 records)
     QKMAXFR(0 records)
     QKEQFR(0 records)
     QKMINFA(0 records)
     QKMAXFA(0 records)
     QKEQFA(0 records)
     QKMINFNA(0 records)
     QKMAXFNA(0 records)
     QKEQFNA(0 records)
     QGMAXCFS(0 records)
     QGMAXRFS(0 records)
     QGMAXAFS(0 records)
     QLIMCO2(0 records)
     QLIMSO2(0 records)
     QLIMNOX(0 records)
     QLIMCO2NA(0 records)
     QHYFXRW(0 records)
     QHYFXCW(0 records)
     QBASELOAD(0 records)
     QMAXINVESTCF(0 records)
     QMAXINVESTGROWTHCG(0 records)
     QMAXINVESTNAF(0 records)
     QGKNACCUMNET(0 records)
     QGKNACCUMGROSS(0 records)
     QGKE_UP(0 records)
     QGKH_UP(0 records)
     QGKE_LO(0 records)
     QGKH_LO(0 records)
     QEGKCOMB1UP(0 records)
     QEGKCOMB2UP(0 records)
     QHGKCOMB1UP(0 records)
     QHGKCOMB2UP(0 records)
     QHYRRDISPATCH(0 records)
     QWNDDISPATCH(0 records)
     QSOLEDISPATCH(0 records)
     QSOLHDISPATCH(0 records)
     QWAVEDISPATCH(0 records)
     QXKN(0 records)
     QXKNACCUMNET(0 records)
     QXKNACCUMGROSS(0 records)
     QXK_UP(0 records)
     QXINVSYMMETRY(0 records)
     help_IAGK_HASORPOT_complement(0 records)
     help_IAGK_HASORPOT_complement_intersection(0 records)
     help_QGKE_UP_generated_E(0 records)
     help_QGKH_UP_generated_H(0 records)
     help_VGE_T_UP_generated_E(0 records)
     help_VGH_T_UP_generated_H(0 records)
     help_QGKE_UP_VGE_T_UP_intersection_E(0 records)
     help_QGKH_UP_VGH_T_UP_intersection_H(0 records)
     help_QGKE_UP_VGE_T_UP_sum_E(0 records)
     help_QGKH_UP_VGH_T_UP_sum_H(0 records)
     IYMODEL3(1 records)
     CATEGORY(2 records)
     SUBCATEGORY(8 records)
     COMMODITY(2 records)
     TECH_TYPE(15 records)
     GTECH_TYPE(0 records)
     PRICE_CATEGORY(3 records)
     VARIABLE_CATEGORY(3 records)
     UNITS(6 records)
     G_CAP_YCRAF(0 records)
     PRO_YCRAGFST(0 records)
     PRO_YCRAGF(0 records)
     F_CONS_YCRAST(0 records)
     F_CONS_YCRA(0 records)
     X_CAP_YCR(0 records)
     X_FLOW_YCRST(0 records)
     X_FLOW_YCR(0 records)
     ECO_G_YCRAG(0 records)
     ECO_X_OUTPUT_YCR(0 records)
     OBJ_YCR(0 records)
     EL_PRICE_YCR(0 records)
     EL_PRICE_YCRST(0 records)
     DH_PRICE_YCRA(0 records)
     DH_PRICE_YCRAST(0 records)
     EL_DEMAND_YCRST(0 records)
     DH_DEMAND_YCRAST(0 records)
     EMI_YCRAG(0 records)
     Merged_set_1(2 records)
     Merged_set_2(1 records)
   Inserts:3977546
   Elapsed:27.23 seconds
   Inserts/second:146093.66
   Done

--- Balmorel.gms(83888) 1520 Mb
--- GDX File C:\Users\geipel\Documents\GitHub\EEG-policy modelling\EEG-Balmorel\scen_RE40-Trade\model\MainResults.gdx
--- Putfile fileMERGESAVEPOINTRESULTSbat C:\Users\geipel\Documents\GitHub\EEG-policy modelling\EEG-Balmorel\scen_RE40-Trade\model\MERGESAVEPOINTRESULTS.bat
--- Putfile errorfile C:\Users\geipel\Documents\GitHub\EEG-policy modelling\EEG-Balmorel\scen_RE40-Trade\logerror\errors.out
--- Putfile logfile C:\Users\geipel\Documents\GitHub\EEG-policy modelling\EEG-Balmorel\scen_RE40-Trade\logerror\logfile.out
--- Putfile printoutoverview C:\Users\geipel\Documents\GitHub\EEG-policy modelling\EEG-Balmorel\scen_RE40-Trade\model\../output/printout/printoutoverview.out
--- Putfile BB4overview C:\Users\geipel\Documents\GitHub\EEG-policy modelling\EEG-Balmorel\scen_RE40-Trade\logerror\BB4overview.out
*** Status: Normal completion
--- Job Balmorel.gms Stop 03/18/21 15:55:57 elapsed 0:17:18.651
