
--- Job Balmorel.gms Start 10/27/20 15:50:15 27.3.0 r58c491d WEX-WEI x86 64bit/MS Windows
--- GAMS Parameters defined
    Input C:\Users\geipel\Documents\GitHub\EEG-policy modelling\EEG-Balmorel\base\model\Balmorel.gms
    PageWidth 80
    PageSize 0
    PageContr 3
    Action CE
    ScrDir C:\Users\geipel\Documents\GitHub\EEG-policy modelling\EEG-Balmorel\Sce_AT_POT_22_10\model\225b\
    SysDir C:\GAMS\win64\27.3\
    WorkDir C:\Users\geipel\Documents\GitHub\EEG-policy modelling\EEG-Balmorel\Sce_AT_POT_22_10\model\
    LogOption 3
    DFormat 0
    TFormat 0
    ErrorLog 99
    IDE 1
GAMS 27.3.0   Copyright (C) 1987-2019 GAMS Development. All rights reserved
Licensee: Small MUD - 5 User License                     S180927:0404AO-WIN
          TU Wien, Energy Economics Group                           DC14452
          License for teaching and research at degree granting institutions
          License Admin: Albert Hiesl, hiesl@eeg.tuwien.ac.at              
--- Starting compilation
--- Balmorel.gms(42) 2 Mb
--- . ../../base/model/balgams.opt(156) 2 Mb
--- Balmorel.gms(48) 2 Mb
--- . balopt.opt(624) 2 Mb
--- Balmorel.gms(99) 2 Mb
--- . ../../base/logerror/logerinc/error1.inc(44) 2 Mb
--- .. ../../base/addons/_hooks/hellolog.inc(117) 2 Mb
--- . ../../base/logerror/logerinc/error1.inc(56) 2 Mb
--- Balmorel.gms(119) 2 Mb
--- . ../../base/model/Balmorelbb4.inc(386) 2 Mb
--- .. ../../base/model/bb4datainc.inc(29) 2 Mb
--- ... ../data/CCCRRRAAA.inc(125) 3 Mb
--- .. ../../base/model/bb4datainc.inc(34) 3 Mb
--- ... ../data/CCC.inc(34) 3 Mb
--- .. ../../base/model/bb4datainc.inc(39) 3 Mb
--- ... ../data/RRR.inc(34) 3 Mb
--- .. ../../base/model/bb4datainc.inc(44) 3 Mb
--- ... ../data/AAA.inc(58) 3 Mb
--- .. ../../base/model/bb4datainc.inc(49) 3 Mb
--- ... ../data/CCCRRR.inc(34) 3 Mb
--- .. ../../base/model/bb4datainc.inc(54) 3 Mb
--- ... ../data/RRRAAA.inc(58) 3 Mb
--- .. ../../base/model/bb4datainc.inc(59) 3 Mb
--- ... ../data/C.inc(34) 3 Mb
--- .. ../../base/model/bb4datainc.inc(86) 3 Mb
--- ... ../data/YYY.inc(2) 3 Mb
--- .. ../../base/model/bb4datainc.inc(91) 3 Mb
--- ... ../data/SSS.inc(4) 3 Mb
--- .. ../../base/model/bb4datainc.inc(96) 3 Mb
--- ... ../data/TTT.inc(4) 3 Mb
--- .. ../../base/model/bb4datainc.inc(102) 3 Mb
--- ... ../../base/data/DEUSER.inc(4) 3 Mb
--- .. ../../base/model/bb4datainc.inc(107) 3 Mb
--- ... ../../base/data/DHUSER.inc(2) 3 Mb
--- .. ../../base/model/bb4datainc.inc(111) 3 Mb
--- ... ../data/FFF.inc(114) 3 Mb
--- .. ../../base/model/bb4datainc.inc(116) 3 Mb
--- ... ../data/FDATASET.inc(9) 3 Mb
--- .. ../../base/model/bb4datainc.inc(121) 3 Mb
--- ... ../data/FDATA.inc(96) 3 Mb
--- .. ../../base/model/bb4datainc.inc(126) 3 Mb
--- ... ../data/GGG.inc(153) 3 Mb
--- .. ../../base/model/bb4datainc.inc(131) 3 Mb
--- ... ../data/GDATASET.inc(54) 3 Mb
--- .. ../../base/model/bb4datainc.inc(136) 3 Mb
--- ... ../data/TECH_GROUP.inc(24) 3 Mb
--- .. ../../base/model/bb4datainc.inc(141) 3 Mb
--- ... ../data/TECH_GROUP_VALUE.inc(24) 3 Mb
--- .. ../../base/model/bb4datainc.inc(146) 3 Mb
--- ... ../data/G.inc(153) 3 Mb
--- .. ../../base/model/bb4datainc.inc(155) 3 Mb
--- ... ../../base/addons/_hooks/acronyms.inc(15) 3 Mb
--- .. ../../base/model/bb4datainc.inc(156) 3 Mb
--- ... ../../base/addons/_hooks/setdeclare.inc(27) 3 Mb
--- .... ../../base/addons/limitsforfuels/bb4/limitsforfuels_setdeclare.inc(6) 3 Mb
--- ... ../../base/addons/_hooks/setdeclare.inc(31) 3 Mb
--- .. ../../base/model/bb4datainc.inc(157) 3 Mb
--- ... ../../base/addons/_hooks/setdefine.inc(30) 3 Mb
--- .... ../../base/addons/limitsforfuels/bb4/limitsforfuels_setdefine.inc(3) 3 Mb
--- ..... ../../base/data/LIMITSFORFUELS_NUMCONMAX.inc(3) 3 Mb
--- .... ../../base/addons/limitsforfuels/bb4/limitsforfuels_setdefine.inc(8) 3 Mb
--- ..... ../../base/data/LIMITSFORFUELS_GMAXFSET.inc(6) 3 Mb
--- .... ../../base/addons/limitsforfuels/bb4/limitsforfuels_setdefine.inc(13) 3 Mb
--- ..... ../../base/data/LIMITSFORFUELS_VGFSET.inc(6) 3 Mb
--- .... ../../base/addons/limitsforfuels/bb4/limitsforfuels_setdefine.inc(14) 3 Mb
--- ... ../../base/addons/_hooks/setdefine.inc(34) 3 Mb
--- .. ../../base/model/bb4datainc.inc(171) 3 Mb
--- ... ../data/GDATA.inc(162) 3 Mb
--- .. ../../base/model/bb4datainc.inc(179) 3 Mb
--- ... ../../base/addons/_hooks/gdataadditions.inc(17) 3 Mb
--- .. ../../base/model/bb4datainc.inc(195) 3 Mb
--- ... ../data/HYRSMAXVOL_G.inc(888) 3 Mb
--- .. ../../base/model/bb4datainc.inc(200) 3 Mb
--- ... ../data/HYRSDATASET.inc(8) 3 Mb
--- .. ../../base/model/bb4datainc.inc(205) 3 Mb
--- ... ../data/DF_QP.inc(5) 3 Mb
--- .. ../../base/model/bb4datainc.inc(210) 3 Mb
--- ... ../data/MPOLSET.inc(9) 3 Mb
--- .. ../../base/model/bb4datainc.inc(216) 3 Mb
--- ... ../data/AGKN.inc(166) 3 Mb
--- .. ../../base/model/bb4datainc.inc(222) 3 Mb
--- ... ../data/Y.inc(6) 3 Mb
--- .. ../../base/model/bb4datainc.inc(227) 3 Mb
--- ... ../data/S.inc(6) 3 Mb
--- .. ../../base/model/bb4datainc.inc(232) 3 Mb
--- ... ../data/T.inc(5) 3 Mb
--- .. ../../base/model/bb4datainc.inc(242) 3 Mb
--- ... ../data/TWORKDAY.inc(1) 3 Mb
--- .. ../../base/model/bb4datainc.inc(247) 3 Mb
--- ... ../data/TWEEKEND.inc(1) 3 Mb
--- .. ../../base/model/bb4datainc.inc(369) 3 Mb
--- ... ../data/GKFX.inc(201) 3 Mb
--- .. ../../base/model/bb4datainc.inc(374) 3 Mb
--- ... ../data/YVALUE.inc(12) 3 Mb
--- .. ../../base/model/bb4datainc.inc(382) 3 Mb
--- ... ../data/FMAXINVEST.inc(7) 3 Mb
--- .. ../../base/model/bb4datainc.inc(406) 3 Mb
--- ... ../data/DISLOSS_E.inc(34) 3 Mb
--- .. ../../base/model/bb4datainc.inc(411) 3 Mb
--- ... ../data/DISLOSS_H.inc(56) 3 Mb
--- .. ../../base/model/bb4datainc.inc(416) 3 Mb
--- ... ../data/DISCOST_E.inc(34) 3 Mb
--- .. ../../base/model/bb4datainc.inc(421) 3 Mb
--- ... ../data/DISCOST_H.inc(56) 3 Mb
--- .. ../../base/model/bb4datainc.inc(426) 3 Mb
--- ... ../data/FKPOT.inc(40) 3 Mb
--- .. ../../base/model/bb4datainc.inc(431) 3 Mb
--- ... ../data/TECHGROUPKPOT.inc(33) 3 Mb
--- .. ../../base/model/bb4datainc.inc(471) 3 Mb
--- ... ../data/FGEMIN.inc(5) 3 Mb
--- .. ../../base/model/bb4datainc.inc(476) 3 Mb
--- ... ../data/FGEMAX.inc(4) 3 Mb
--- .. ../../base/model/bb4datainc.inc(482) 3 Mb
--- ... ../data/GMINF.inc(4) 3 Mb
--- .. ../../base/model/bb4datainc.inc(488) 3 Mb
--- ... ../data/GMAXF.inc(5) 3 Mb
--- .. ../../base/model/bb4datainc.inc(494) 3 Mb
--- ... ../data/GEQF.inc(4) 3 Mb
--- .. ../../base/model/bb4datainc.inc(506) 3 Mb
--- ... ../data/WTRRSFLH.inc(55) 3 Mb
--- .. ../../base/model/bb4datainc.inc(511) 3 Mb
--- ... ../data/WTRRRFLH.inc(54) 3 Mb
--- .. ../../base/model/bb4datainc.inc(517) 3 Mb
--- ... ../data/WNDFLH.inc(59) 3 Mb
--- .. ../../base/model/bb4datainc.inc(523) 3 Mb
--- ... ../data/SOLEFLH.inc(56) 3 Mb
--- .. ../../base/model/bb4datainc.inc(530) 3 Mb
--- ... ../data/SOLHFLH.inc(54) 3 Mb
--- .. ../../base/model/bb4datainc.inc(536) 3 Mb
--- ... ../data/WAVEFLH.inc(54) 3 Mb
--- .. ../../base/model/bb4datainc.inc(541) 3 Mb
--- ... ../data/HYRSDATA.inc(108) 4 Mb
--- .. ../../base/model/bb4datainc.inc(546) 4 Mb
--- ... ../data/TAX_GF.inc(5) 4 Mb
--- .. ../../base/model/bb4datainc.inc(551) 4 Mb
--- ... ../data/TAX_GE.inc(5) 4 Mb
--- .. ../../base/model/bb4datainc.inc(556) 4 Mb
--- ... ../data/TAX_GH.inc(5) 4 Mb
--- .. ../../base/model/bb4datainc.inc(561) 4 Mb
--- ... ../data/TAX_KN.inc(5) 4 Mb
--- .. ../../base/model/bb4datainc.inc(566) 4 Mb
--- ... ../data/TAX_F.inc(4) 4 Mb
--- .. ../../base/model/bb4datainc.inc(571) 4 Mb
--- ... ../data/TAX_DE.inc(37) 4 Mb
--- .. ../../base/model/bb4datainc.inc(576) 4 Mb
--- ... ../data/TAX_DH.inc(36) 4 Mb
--- .. ../../base/model/bb4datainc.inc(582) 4 Mb
--- ... ../../base/data/DISCOUNTRATE.inc(2) 4 Mb
--- .. ../../base/model/bb4datainc.inc(586) 4 Mb
--- ... ../data/ANNUITYCG.inc(6) 4 Mb
--- .. ../../base/model/bb4datainc.inc(591) 4 Mb
--- ... ../data/ANNUITYCX.inc(6) 4 Mb
--- .. ../../base/model/bb4datainc.inc(597) 4 Mb
--- ... ../data/GINVCOST.inc(3) 4 Mb
--- .. ../../base/model/bb4datainc.inc(602) 4 Mb
--- ... ../data/GOMVCOST.inc(7) 4 Mb
--- .. ../../base/model/bb4datainc.inc(607) 4 Mb
--- ... ../data/GOMFCOST.inc(7) 4 Mb
--- .. ../../base/model/bb4datainc.inc(612) 4 Mb
--- ... ../data/GEFFRATE.inc(5) 4 Mb
--- .. ../../base/model/bb4datainc.inc(619) 4 Mb
--- ... ../data/DEFP_BASE.inc(33) 4 Mb
--- .. ../../base/model/bb4datainc.inc(624) 4 Mb
--- ... ../data/DHFP_BASE.inc(57) 4 Mb
--- .. ../../base/model/bb4datainc.inc(642) 4 Mb
--- ... ../data/DE.inc(126) 4 Mb
--- .. ../../base/model/bb4datainc.inc(651) 4 Mb
--- ... ../data/DH.inc(173) 4 Mb
--- .. ../../base/model/bb4datainc.inc(662) 4 Mb
--- ... ../data/XKINI.inc(148) 4 Mb
--- .. ../../base/model/bb4datainc.inc(670) 4 Mb
--- ... ../data/XINVCOST.inc(88) 4 Mb
--- .. ../../base/model/bb4datainc.inc(675) 4 Mb
--- ... ../data/XCOST.inc(49) 4 Mb
--- .. ../../base/model/bb4datainc.inc(680) 4 Mb
--- ... ../data/XLOSS.inc(60) 4 Mb
--- .. ../../base/model/bb4datainc.inc(687) 4 Mb
--